<?xml version="1.0" encoding="UTF-8"?>
<testng-results skipped="0" failed="0" ignored="0" total="1" passed="1">
  <reporter-output>
  </reporter-output>
  <suite name="Default suite" duration-ms="92515" started-at="2017-07-17T08:34:07Z" finished-at="2017-07-17T08:35:39Z">
    <groups>
    </groups>
    <test name="Default test" duration-ms="92515" started-at="2017-07-17T08:34:07Z" finished-at="2017-07-17T08:35:39Z">
      <class name="com.exiu.tester.carowener.Chatting.Test039_Webcast">
        <test-method status="PASS" signature="setUpAndroid(java.lang.reflect.Method)[pri:0, instance:com.exiu.tester.carowener.Chatting.Test039_Webcast@553f17c]" name="setUpAndroid" is-config="true" duration-ms="25334" started-at="2017-07-17T16:34:07Z" finished-at="2017-07-17T16:34:32Z">
          <params>
            <param index="0">
              <value>
                <![CDATA[public void com.exiu.tester.carowener.Chatting.Test039_Webcast.网络直播() throws java.lang.Exception]]>
              </value>
            </param>
          </params>
          <reporter-output>
          </reporter-output>
        </test-method> <!-- setUpAndroid -->
        <test-method status="PASS" signature="网络直播()[pri:1, instance:com.exiu.tester.carowener.Chatting.Test039_Webcast@553f17c]" name="网络直播" duration-ms="64488" started-at="2017-07-17T16:34:32Z" finished-at="2017-07-17T16:35:37Z">
          <reporter-output>
          </reporter-output>
        </test-method> <!-- 网络直播 -->
        <test-method status="PASS" signature="tearDown()[pri:0, instance:com.exiu.tester.carowener.Chatting.Test039_Webcast@553f17c]" name="tearDown" is-config="true" duration-ms="2661" started-at="2017-07-17T16:35:37Z" finished-at="2017-07-17T16:35:39Z">
          <reporter-output>
          </reporter-output>
        </test-method> <!-- tearDown -->
      </class> <!-- com.exiu.tester.carowener.Chatting.Test039_Webcast -->
    </test> <!-- Default test -->
  </suite> <!-- Default suite -->
</testng-results>
